2022-11-07 01:38:46:3846 error: {}
2022-11-07 03:37:20:3720 error: {}
2022-11-07 03:37:51:3751 error: {}
2022-11-07 03:44:36:4436 error: {}
2022-11-07 22:13:59:1359 error: {}
2022-11-07 22:16:37:1637 error: {}
2022-11-07 22:17:31:1731 error: {}
2022-11-07 22:18:52:1852 error: {}
2022-11-07 22:19:57:1957 error: {}
2022-11-07 22:21:00:210 error: {}
2022-11-07 22:21:43:2143 error: {}
2022-11-07 22:25:12:2512 error: {}
2022-11-07 22:25:47:2547 error: {}
2022-11-07 22:27:00:270 error: {"reason":null,"code":"CALL_EXCEPTION","method":"expand(uint256,uint256)","data":"0x4e487b710000000000000000000000000000000000000000000000000000000000000032","errorArgs":[{"type":"BigNumber","hex":"0x32"}],"errorName":"Panic","errorSignature":"Panic(uint256)","address":"0x7A20f1dF30eD5e9c9375Ef9Fd92e54CFC6dc2c7E","args":[10,100],"transaction":{"data":"0x874b3afc000000000000000000000000000000000000000000000000000000000000000a0000000000000000000000000000000000000000000000000000000000000064","to":"0x7A20f1dF30eD5e9c9375Ef9Fd92e54CFC6dc2c7E","from":"0xd5456285F2878091fEEEEA645cd2479C2db53C21"}}
2022-11-07 22:29:03:293 error: {"reason":null,"code":"CALL_EXCEPTION","method":"expand(uint256,uint256)","data":"0x4e487b710000000000000000000000000000000000000000000000000000000000000032","errorArgs":[{"type":"BigNumber","hex":"0x32"}],"errorName":"Panic","errorSignature":"Panic(uint256)","address":"0x7A20f1dF30eD5e9c9375Ef9Fd92e54CFC6dc2c7E","args":[10,100],"transaction":{"data":"0x874b3afc000000000000000000000000000000000000000000000000000000000000000a0000000000000000000000000000000000000000000000000000000000000064","to":"0x7A20f1dF30eD5e9c9375Ef9Fd92e54CFC6dc2c7E","from":"0xd5456285F2878091fEEEEA645cd2479C2db53C21"}}
2022-11-07 22:35:40:3540 error: {"reason":null,"code":"CALL_EXCEPTION","method":"expand(uint256,uint256)","data":"0x4e487b710000000000000000000000000000000000000000000000000000000000000032","errorArgs":[{"type":"BigNumber","hex":"0x32"}],"errorName":"Panic","errorSignature":"Panic(uint256)","address":"0x7A20f1dF30eD5e9c9375Ef9Fd92e54CFC6dc2c7E","args":[10,100],"transaction":{"data":"0x874b3afc000000000000000000000000000000000000000000000000000000000000000a0000000000000000000000000000000000000000000000000000000000000064","to":"0x7A20f1dF30eD5e9c9375Ef9Fd92e54CFC6dc2c7E","from":"0xd5456285F2878091fEEEEA645cd2479C2db53C21"}}
2022-11-07 23:06:40:640 error: {"reason":null,"code":"CALL_EXCEPTION","method":"expand(uint256,uint256)","data":"0x4e487b710000000000000000000000000000000000000000000000000000000000000032","errorArgs":[{"type":"BigNumber","hex":"0x32"}],"errorName":"Panic","errorSignature":"Panic(uint256)","address":"0xa87D3cA4f446F9617E25Ec0683C71c5B81A225aD","args":[10,100],"transaction":{"data":"0x874b3afc000000000000000000000000000000000000000000000000000000000000000a0000000000000000000000000000000000000000000000000000000000000064","to":"0xa87D3cA4f446F9617E25Ec0683C71c5B81A225aD","from":"0xd5456285F2878091fEEEEA645cd2479C2db53C21"}}
2022-11-07 23:26:15:2615 error: {"reason":null,"code":"CALL_EXCEPTION","method":"expand(uint256,uint256)","data":"0x4e487b710000000000000000000000000000000000000000000000000000000000000032","errorArgs":[{"type":"BigNumber","hex":"0x32"}],"errorName":"Panic","errorSignature":"Panic(uint256)","address":"0xa87D3cA4f446F9617E25Ec0683C71c5B81A225aD","args":[10,100],"transaction":{"data":"0x874b3afc000000000000000000000000000000000000000000000000000000000000000a0000000000000000000000000000000000000000000000000000000000000064","to":"0xa87D3cA4f446F9617E25Ec0683C71c5B81A225aD"}}
2022-11-07 23:56:43:5643 error: {"reason":null,"code":"CALL_EXCEPTION","method":"expand(uint256,uint256)","data":"0x4e487b710000000000000000000000000000000000000000000000000000000000000032","errorArgs":[{"type":"BigNumber","hex":"0x32"}],"errorName":"Panic","errorSignature":"Panic(uint256)","address":"0xa87D3cA4f446F9617E25Ec0683C71c5B81A225aD","args":[10,100],"transaction":{"data":"0x874b3afc000000000000000000000000000000000000000000000000000000000000000a0000000000000000000000000000000000000000000000000000000000000064","to":"0xa87D3cA4f446F9617E25Ec0683C71c5B81A225aD"}}
2022-11-08 00:06:00:60 error: {}
2022-11-08 00:07:57:757 error: {"reason":null,"code":"CALL_EXCEPTION","method":"expand(uint256,uint256)","data":"0x4e487b710000000000000000000000000000000000000000000000000000000000000032","errorArgs":[{"type":"BigNumber","hex":"0x32"}],"errorName":"Panic","errorSignature":"Panic(uint256)","address":"0xa87D3cA4f446F9617E25Ec0683C71c5B81A225aD","args":[10,100],"transaction":{"data":"0x874b3afc000000000000000000000000000000000000000000000000000000000000000a0000000000000000000000000000000000000000000000000000000000000064","to":"0xa87D3cA4f446F9617E25Ec0683C71c5B81A225aD"}}
2022-11-08 00:15:30:1530 error: {"reason":null,"code":"CALL_EXCEPTION","method":"expand(uint256,uint256)","data":"0x4e487b710000000000000000000000000000000000000000000000000000000000000032","errorArgs":[{"type":"BigNumber","hex":"0x32"}],"errorName":"Panic","errorSignature":"Panic(uint256)","address":"0xa87D3cA4f446F9617E25Ec0683C71c5B81A225aD","args":[10,100],"transaction":{"data":"0x874b3afc000000000000000000000000000000000000000000000000000000000000000a0000000000000000000000000000000000000000000000000000000000000064","to":"0xa87D3cA4f446F9617E25Ec0683C71c5B81A225aD"}}
2022-11-08 00:20:38:2038 error: {"reason":null,"code":"CALL_EXCEPTION","method":"expand(uint256,uint256)","data":"0x4e487b710000000000000000000000000000000000000000000000000000000000000032","errorArgs":[{"type":"BigNumber","hex":"0x32"}],"errorName":"Panic","errorSignature":"Panic(uint256)","address":"0xa87D3cA4f446F9617E25Ec0683C71c5B81A225aD","args":[10,100],"transaction":{"data":"0x874b3afc000000000000000000000000000000000000000000000000000000000000000a0000000000000000000000000000000000000000000000000000000000000064","to":"0xa87D3cA4f446F9617E25Ec0683C71c5B81A225aD"}}
2022-11-08 00:58:24:5824 error: {"index":0,"code":11000,"keyPattern":{"contestId":1},"keyValue":{"contestId":"63692a0dd7405fcd7d20ecf8"}}
2022-11-08 03:03:41:341 error: {}
2022-11-12 11:26:13:2613 error: {"stringValue":"\"dkdk\"","valueType":"string","kind":"ObjectId","value":"dkdk","path":"contestId","reason":{},"name":"CastError","message":"Cast to ObjectId failed for value \"dkdk\" (type string) at path \"contestId\" for model \"contests\""}
2022-11-12 11:26:19:2619 error: {"stringValue":"\"dkdk\"","valueType":"string","kind":"ObjectId","value":"dkdk","path":"contestId","reason":{},"name":"CastError","message":"Cast to ObjectId failed for value \"dkdk\" (type string) at path \"contestId\" for model \"contests\""}
2022-11-12 11:26:21:2621 error: {"stringValue":"\"dkdk\"","valueType":"string","kind":"ObjectId","value":"dkdk","path":"contestId","reason":{},"name":"CastError","message":"Cast to ObjectId failed for value \"dkdk\" (type string) at path \"contestId\" for model \"contests\""}
2022-11-12 11:27:29:2729 error: {"stringValue":"\"636e6fac8d20ffec54145ca2\"","valueType":"string","kind":"Number","value":"636e6fac8d20ffec54145ca2","path":"contestId","reason":{"generatedMessage":true,"code":"ERR_ASSERTION","actual":false,"expected":true,"operator":"=="},"name":"CastError","message":"Cast to Number failed for value \"636e6fac8d20ffec54145ca2\" (type string) at path \"contestId\" for model \"participants\""}
2022-11-12 11:29:52:2952 error: {"stringValue":"\"636f04c6d8624d2fc81cf8151\"","valueType":"string","kind":"Number","value":"636f04c6d8624d2fc81cf8151","path":"contestId","reason":{"generatedMessage":true,"code":"ERR_ASSERTION","actual":false,"expected":true,"operator":"=="},"name":"CastError","message":"Cast to Number failed for value \"636f04c6d8624d2fc81cf8151\" (type string) at path \"contestId\" for model \"participants\""}
2022-11-12 11:30:54:3054 error: {"stringValue":"\"636f04c6d8624d2fc81cf8151\"","valueType":"string","kind":"Number","value":"636f04c6d8624d2fc81cf8151","path":"contestId","reason":{"generatedMessage":true,"code":"ERR_ASSERTION","actual":false,"expected":true,"operator":"=="},"name":"CastError","message":"Cast to Number failed for value \"636f04c6d8624d2fc81cf8151\" (type string) at path \"contestId\" for model \"participants\""}
2022-11-12 11:34:47:3447 error: {"stringValue":"\"636f04c6d8624d2fc81cf8151\"","valueType":"string","kind":"Number","value":"636f04c6d8624d2fc81cf8151","path":"contestId","reason":{"generatedMessage":true,"code":"ERR_ASSERTION","actual":false,"expected":true,"operator":"=="},"name":"CastError","message":"Cast to Number failed for value \"636f04c6d8624d2fc81cf8151\" (type string) at path \"contestId\" for model \"participants\""}
2022-11-12 11:34:49:3449 error: {"stringValue":"\"636f04c6d8624d2fc81cf8151\"","valueType":"string","kind":"Number","value":"636f04c6d8624d2fc81cf8151","path":"contestId","reason":{"generatedMessage":true,"code":"ERR_ASSERTION","actual":false,"expected":true,"operator":"=="},"name":"CastError","message":"Cast to Number failed for value \"636f04c6d8624d2fc81cf8151\" (type string) at path \"contestId\" for model \"participants\""}
2022-11-12 11:34:51:3451 error: {"stringValue":"\"636f04c6d8624d2fc81cf8151\"","valueType":"string","kind":"Number","value":"636f04c6d8624d2fc81cf8151","path":"contestId","reason":{"generatedMessage":true,"code":"ERR_ASSERTION","actual":false,"expected":true,"operator":"=="},"name":"CastError","message":"Cast to Number failed for value \"636f04c6d8624d2fc81cf8151\" (type string) at path \"contestId\" for model \"participants\""}
2022-11-12 11:40:42:4042 error: {}
2022-11-12 11:41:17:4117 error: {}
2022-11-12 11:53:27:5327 error: {}
2022-11-12 11:55:20:5520 error: {}
2022-11-16 21:19:11:1911 error: {}
2022-11-16 21:57:37:5737 error: {}
2022-11-16 21:57:54:5754 error: {}
2022-11-17 06:02:34:234 error: {}
2022-11-17 06:03:10:310 error: {}
2022-11-17 06:39:16:3916 error: {}
2022-11-17 06:40:30:4030 error: {}
2022-11-17 06:40:42:4042 error: {}
2022-11-17 06:54:33:5433 error: {}
2022-11-17 23:52:21:5221 error: {}
2022-11-18 00:42:21:4221 error: {"reason":null,"code":"CALL_EXCEPTION","method":"expand(uint256,uint256)","data":"0x4e487b710000000000000000000000000000000000000000000000000000000000000032","errorArgs":[{"type":"BigNumber","hex":"0x32"}],"errorName":"Panic","errorSignature":"Panic(uint256)","address":"0x9F6dd4326452Dda8f5A79ed8f8a88C6F5A77c77F","args":[5,10],"transaction":{"data":"0x874b3afc0000000000000000000000000000000000000000000000000000000000000005000000000000000000000000000000000000000000000000000000000000000a","to":"0x9F6dd4326452Dda8f5A79ed8f8a88C6F5A77c77F"}}
2022-11-18 00:47:49:4749 error: {}
2022-11-18 01:24:19:2419 error: {"reason":null,"code":"CALL_EXCEPTION","method":"expand(uint256,uint256)","data":"0x4e487b710000000000000000000000000000000000000000000000000000000000000032","errorArgs":[{"type":"BigNumber","hex":"0x32"}],"errorName":"Panic","errorSignature":"Panic(uint256)","address":"0x9F6dd4326452Dda8f5A79ed8f8a88C6F5A77c77F","args":[6,10],"transaction":{"data":"0x874b3afc0000000000000000000000000000000000000000000000000000000000000006000000000000000000000000000000000000000000000000000000000000000a","to":"0x9F6dd4326452Dda8f5A79ed8f8a88C6F5A77c77F"}}
2022-11-18 01:25:27:2527 error: {"reason":null,"code":"CALL_EXCEPTION","method":"expand(uint256,uint256)","data":"0x4e487b710000000000000000000000000000000000000000000000000000000000000032","errorArgs":[{"type":"BigNumber","hex":"0x32"}],"errorName":"Panic","errorSignature":"Panic(uint256)","address":"0x9F6dd4326452Dda8f5A79ed8f8a88C6F5A77c77F","args":[6,10],"transaction":{"data":"0x874b3afc0000000000000000000000000000000000000000000000000000000000000006000000000000000000000000000000000000000000000000000000000000000a","to":"0x9F6dd4326452Dda8f5A79ed8f8a88C6F5A77c77F"}}
2022-11-18 01:26:59:2659 error: {"reason":null,"code":"CALL_EXCEPTION","method":"expand(uint256,uint256)","data":"0x4e487b710000000000000000000000000000000000000000000000000000000000000032","errorArgs":[{"type":"BigNumber","hex":"0x32"}],"errorName":"Panic","errorSignature":"Panic(uint256)","address":"0x9F6dd4326452Dda8f5A79ed8f8a88C6F5A77c77F","args":[6,10],"transaction":{"data":"0x874b3afc0000000000000000000000000000000000000000000000000000000000000006000000000000000000000000000000000000000000000000000000000000000a","to":"0x9F6dd4326452Dda8f5A79ed8f8a88C6F5A77c77F"}}
2022-11-18 01:28:08:288 error: {"reason":null,"code":"CALL_EXCEPTION","method":"expand(uint256,uint256)","data":"0x4e487b710000000000000000000000000000000000000000000000000000000000000032","errorArgs":[{"type":"BigNumber","hex":"0x32"}],"errorName":"Panic","errorSignature":"Panic(uint256)","address":"0x9F6dd4326452Dda8f5A79ed8f8a88C6F5A77c77F","args":[6,10],"transaction":{"data":"0x874b3afc0000000000000000000000000000000000000000000000000000000000000006000000000000000000000000000000000000000000000000000000000000000a","to":"0x9F6dd4326452Dda8f5A79ed8f8a88C6F5A77c77F"}}
2022-11-18 01:36:12:3612 error: {}
2022-11-18 01:43:39:4339 error: {"reason":null,"code":"CALL_EXCEPTION","method":"expand(uint256,uint256)","data":"0x4e487b710000000000000000000000000000000000000000000000000000000000000032","errorArgs":[{"type":"BigNumber","hex":"0x32"}],"errorName":"Panic","errorSignature":"Panic(uint256)","address":"0x9F6dd4326452Dda8f5A79ed8f8a88C6F5A77c77F","args":[6,10],"transaction":{"data":"0x874b3afc0000000000000000000000000000000000000000000000000000000000000006000000000000000000000000000000000000000000000000000000000000000a","to":"0x9F6dd4326452Dda8f5A79ed8f8a88C6F5A77c77F"}}
2022-11-18 01:46:48:4648 error: {"reason":null,"code":"CALL_EXCEPTION","method":"expand(uint256,uint256)","data":"0x4e487b710000000000000000000000000000000000000000000000000000000000000032","errorArgs":[{"type":"BigNumber","hex":"0x32"}],"errorName":"Panic","errorSignature":"Panic(uint256)","address":"0x9F6dd4326452Dda8f5A79ed8f8a88C6F5A77c77F","args":[6,10],"transaction":{"data":"0x874b3afc0000000000000000000000000000000000000000000000000000000000000006000000000000000000000000000000000000000000000000000000000000000a","to":"0x9F6dd4326452Dda8f5A79ed8f8a88C6F5A77c77F"}}
2022-11-18 03:51:24:5124 error: {}
2022-11-18 03:55:55:5555 error: {}
